hse-osc-phone-app/build/outputs/logs/manifest-merger-debug-report.txt
-- Merging decision tree log ---
manifest
ADDED from src\main\AndroidManifest.xml:2:1-54:12
INJECTED from src\main\AndroidManifest.xml:2:1-54:12
INJECTED from src\main\AndroidManifest.xml:2:1-54:12
INJECTED from src\main\AndroidManifest.xml:2:1-54:12
INJECTED from src\main\AndroidManifest.xml:2:1-54:12
INJECTED from src\main\AndroidManifest.xml:2:1-54:12
INJECTED from src\main\AndroidManifest.xml:2:1-54:12
	package
		ADDED from src\main\AndroidManifest.xml:3:5-35
		INJECTED from src\main\AndroidManifest.xml
		INJECTED from src\main\AndroidManifest.xml
	android:versionName
		ADDED from src\main\AndroidManifest.xml:5:5-41
		INJECTED from src\main\AndroidManifest.xml
		INJECTED from src\main\AndroidManifest.xml
	xmlns:android
		ADDED from src\main\AndroidManifest.xml:2:11-69
	android:versionCode
		ADDED from src\main\AndroidManifest.xml:4:5-28
		INJECTED from src\main\AndroidManifest.xml
		INJECTED from src\main\AndroidManifest.xml
uses-sdk
ADDED from src\main\AndroidManifest.xml:7:5-47
INJECTED from src\main\AndroidManifest.xml:7:5-47
INJECTED from src\main\AndroidManifest.xml:7:5-47
INJECTED from src\main\AndroidManifest.xml:7:5-47
INJECTED from src\main\AndroidManifest.xml:7:5-47
	android:targetSdkVersion
		ADDED from src\main\AndroidManifest.xml:7:15-44
		INJECTED from src\main\AndroidManifest.xml
		INJECTED from src\main\AndroidManifest.xml
	android:minSdkVersion
		INJECTED from src\main\AndroidManifest.xml
		ADDED from src\main\AndroidManifest.xml:7:5-47
		INJECTED from src\main\AndroidManifest.xml
application
ADDED from src\main\AndroidManifest.xml:9:5-52:19
	android:label
		ADDED from src\main\AndroidManifest.xml:12:9-41
	android:icon
		ADDED from src\main\AndroidManifest.xml:11:9-45
	android:allowBackup
		ADDED from src\main\AndroidManifest.xml:10:9-35
	android:theme
		ADDED from src\main\AndroidManifest.xml:13:9-40
activity#com.hd.hse.osc.phone.ui.activity.worktask.TaskTabulationActivity
ADDED from src\main\AndroidManifest.xml:14:9-19:20
	android:screenOrientation
		ADDED from src\main\AndroidManifest.xml:17:13-49
	android:windowSoftInputMode
		ADDED from src\main\AndroidManifest.xml:18:13-55
	android:configChanges
		ADDED from src\main\AndroidManifest.xml:16:13-74
	android:name
		ADDED from src\main\AndroidManifest.xml:15:13-92
activity#com.hd.hse.osc.phone.ui.activity.obsolete.WorkOrderObsoleteActivity
ADDED from src\main\AndroidManifest.xml:20:9-25:20
	android:screenOrientation
		ADDED from src\main\AndroidManifest.xml:23:13-49
	android:windowSoftInputMode
		ADDED from src\main\AndroidManifest.xml:24:13-65
	android:configChanges
		ADDED from src\main\AndroidManifest.xml:22:13-74
	android:name
		ADDED from src\main\AndroidManifest.xml:21:13-95
activity#com.hd.hse.osc.phone.ui.activity.workorder.WorkOrderActivity
ADDED from src\main\AndroidManifest.xml:26:9-31:20
	android:screenOrientation
		ADDED from src\main\AndroidManifest.xml:29:13-49
	android:windowSoftInputMode
		ADDED from src\main\AndroidManifest.xml:30:13-52
	android:configChanges
		ADDED from src\main\AndroidManifest.xml:28:13-74
	android:name
		ADDED from src\main\AndroidManifest.xml:27:13-88
activity#com.hd.hse.osc.phone.ui.activity.tempelectricity.TempEleChoiceListActivity
ADDED from src\main\AndroidManifest.xml:37:9-41:57
	android:screenOrientation
		ADDED from src\main\AndroidManifest.xml:40:13-49
	android:windowSoftInputMode
		ADDED from src\main\AndroidManifest.xml:41:13-55
	android:configChanges
		ADDED from src\main\AndroidManifest.xml:39:13-74
	android:name
		ADDED from src\main\AndroidManifest.xml:38:13-102
activity#com.hd.hse.osc.phone.ui.activity.remoteappr.RemoteApprActivity
ADDED from src\main\AndroidManifest.xml:42:9-46:57
	android:screenOrientation
		ADDED from src\main\AndroidManifest.xml:45:13-49
	android:windowSoftInputMode
		ADDED from src\main\AndroidManifest.xml:46:13-55
	android:configChanges
		ADDED from src\main\AndroidManifest.xml:44:13-74
	android:name
		ADDED from src\main\AndroidManifest.xml:43:13-90
activity#com.hd.hse.osc.phone.ui.activity.remoteappr.SelectPersonActivity
ADDED from src\main\AndroidManifest.xml:47:9-51:57
	android:screenOrientation
		ADDED from src\main\AndroidManifest.xml:50:13-49
	android:windowSoftInputMode
		ADDED from src\main\AndroidManifest.xml:51:13-55
	android:configChanges
		ADDED from src\main\AndroidManifest.xml:49:13-74
	android:name
		ADDED from src\main\AndroidManifest.xml:48:13-92